# JRE version: OpenJDK Runtime Environment Microsoft-8035246 (17.0.8+7) (build 17.0.8+7-LTS)
# Java VM: OpenJDK 64-Bit Server VM Microsoft-8035246 (17.0.8+7-LTS, mixed mode, sharing, tiered, compressed oops, compressed class ptrs, g1 gc, windows-amd64)
GC Precious Log:
 CPUs: 4 total, 4 available
 Memory: 8071M
 Large Page Support: Disabled
 NUMA Support: Disabled
 Compressed Oops: Enabled (32-bit)
 Heap Region Size: 1M
 Heap Min Capacity: 8M
 Heap Initial Capacity: 128M
 Heap Max Capacity: 2G
 Pre-touch: Disabled
 Parallel Workers: 4
 Concurrent Workers: 1
 Concurrent Refinement Workers: 4
 Periodic GC: Disabled
Heap:
 garbage-first heap   total 457728K, used 298299K [0x0000000080000000, 0x0000000100000000)
  region size 1024K, 125 young (128000K), 20 survivors (20480K)
 Metaspace       used 106971K, committed 108096K, reserved 557056K
  class space    used 14754K, committed 15296K, reserved 425984K
GC Heap History (20 events):
Event: 61.066 GC heap before
{Heap before GC invocations=52 (full 0):
 garbage-first heap   total 231424K, used 178661K [0x0000000080000000, 0x0000000100000000)
  region size 1024K, 64 young (65536K), 10 survivors (10240K)
 Metaspace       used 92805K, committed 93824K, reserved 557056K
  class space    used 12964K, committed 13440K, reserved 425984K
}
Event: 61.090 GC heap after
{Heap after GC invocations=53 (full 0):
 garbage-first heap   total 231424K, used 131482K [0x0000000080000000, 0x0000000100000000)
  region size 1024K, 8 young (8192K), 8 survivors (8192K)
 Metaspace       used 92805K, committed 93824K, reserved 557056K
  class space    used 12964K, committed 13440K, reserved 425984K
}
Event: 61.190 GC heap before
{Heap before GC invocations=53 (full 0):
 garbage-first heap   total 231424K, used 134554K [0x0000000080000000, 0x0000000100000000)
  region size 1024K, 11 young (11264K), 8 survivors (8192K)
 Metaspace       used 93064K, committed 94080K, reserved 557056K
  class space    used 12992K, committed 13504K, reserved 425984K
}
Event: 61.214 GC heap after
{Heap after GC invocations=54 (full 0):
 garbage-first heap   total 231424K, used 131788K [0x0000000080000000, 0x0000000100000000)
  region size 1024K, 1 young (1024K), 1 survivors (1024K)
 Metaspace       used 93064K, committed 94080K, reserved 557056K
  class space    used 12992K, committed 13504K, reserved 425984K
}
Event: 63.569 GC heap before
{Heap before GC invocations=54 (full 0):
 garbage-first heap   total 231424K, used 182988K [0x0000000080000000, 0x0000000100000000)
  region size 1024K, 51 young (52224K), 1 survivors (1024K)
 Metaspace       used 95612K, committed 96640K, reserved 557056K
  class space    used 13380K, committed 13888K, reserved 425984K
}
Event: 63.581 GC heap after
{Heap after GC invocations=55 (full 0):
 garbage-first heap   total 231424K, used 133356K [0x0000000080000000, 0x0000000100000000)
  region size 1024K, 3 young (3072K), 3 survivors (3072K)
 Metaspace       used 95612K, committed 96640K, reserved 557056K
  class space    used 13380K, committed 13888K, reserved 425984K
}
Event: 65.832 GC heap before
{Heap before GC invocations=56 (full 0):
 garbage-first heap   total 235520K, used 185580K [0x0000000080000000, 0x0000000100000000)
  region size 1024K, 54 young (55296K), 3 survivors (3072K)
 Metaspace       used 97643K, committed 98688K, reserved 557056K
  class space    used 13642K, committed 14144K, reserved 425984K
}
Event: 65.855 GC heap after
{Heap after GC invocations=57 (full 0):
 garbage-first heap   total 235520K, used 137957K [0x0000000080000000, 0x0000000100000000)
  region size 1024K, 7 young (7168K), 7 survivors (7168K)
 Metaspace       used 97643K, committed 98688K, reserved 557056K
  class space    used 13642K, committed 14144K, reserved 425984K
}
Event: 66.000 GC heap before
{Heap before GC invocations=57 (full 0):
 garbage-first heap   total 235520K, used 142053K [0x0000000080000000, 0x0000000100000000)
  region size 1024K, 11 young (11264K), 7 survivors (7168K)
 Metaspace       used 97659K, committed 98688K, reserved 557056K
  class space    used 13642K, committed 14144K, reserved 425984K
}
Event: 66.019 GC heap after
{Heap after GC invocations=58 (full 0):
 garbage-first heap   total 235520K, used 138714K [0x0000000080000000, 0x0000000100000000)
  region size 1024K, 2 young (2048K), 2 survivors (2048K)
 Metaspace       used 97659K, committed 98688K, reserved 557056K
  class space    used 13642K, committed 14144K, reserved 425984K
}
Event: 67.128 GC heap before
{Heap before GC invocations=58 (full 0):
 garbage-first heap   total 235520K, used 189914K [0x0000000080000000, 0x0000000100000000)
  region size 1024K, 52 young (53248K), 2 survivors (2048K)
 Metaspace       used 97887K, committed 98880K, reserved 557056K
  class space    used 13665K, committed 14144K, reserved 425984K
}
Event: 67.145 GC heap after
{Heap after GC invocations=59 (full 0):
 garbage-first heap   total 235520K, used 147371K [0x0000000080000000, 0x0000000100000000)
  region size 1024K, 7 young (7168K), 7 survivors (7168K)
 Metaspace       used 97887K, committed 98880K, reserved 557056K
  class space    used 13665K, committed 14144K, reserved 425984K
}
Event: 68.761 GC heap before
{Heap before GC invocations=59 (full 0):
 garbage-first heap   total 235520K, used 193451K [0x0000000080000000, 0x0000000100000000)
  region size 1024K, 52 young (53248K), 7 survivors (7168K)
 Metaspace       used 98250K, committed 99328K, reserved 557056K
  class space    used 13704K, committed 14208K, reserved 425984K
}
Event: 68.796 GC heap after
{Heap after GC invocations=60 (full 0):
 garbage-first heap   total 235520K, used 155973K [0x0000000080000000, 0x0000000100000000)
  region size 1024K, 7 young (7168K), 7 survivors (7168K)
 Metaspace       used 98250K, committed 99328K, reserved 557056K
  class space    used 13704K, committed 14208K, reserved 425984K
}
Event: 69.965 GC heap before
{Heap before GC invocations=60 (full 0):
 garbage-first heap   total 235520K, used 194885K [0x0000000080000000, 0x0000000100000000)
  region size 1024K, 45 young (46080K), 7 survivors (7168K)
 Metaspace       used 98536K, committed 99648K, reserved 557056K
  class space    used 13739K, committed 14272K, reserved 425984K
}
Event: 69.993 GC heap after
{Heap after GC invocations=61 (full 0):
 garbage-first heap   total 235520K, used 165559K [0x0000000080000000, 0x0000000100000000)
  region size 1024K, 6 young (6144K), 6 survivors (6144K)
 Metaspace       used 98536K, committed 99648K, reserved 557056K
  class space    used 13739K, committed 14272K, reserved 425984K
}
Event: 71.186 GC heap before
{Heap before GC invocations=61 (full 0):
 garbage-first heap   total 235520K, used 197303K [0x0000000080000000, 0x0000000100000000)
  region size 1024K, 35 young (35840K), 6 survivors (6144K)
 Metaspace       used 99084K, committed 100224K, reserved 557056K
  class space    used 13807K, committed 14336K, reserved 425984K
}
Event: 71.218 GC heap after
{Heap after GC invocations=62 (full 0):
 garbage-first heap   total 457728K, used 174506K [0x0000000080000000, 0x0000000100000000)
  region size 1024K, 5 young (5120K), 5 survivors (5120K)
 Metaspace       used 99084K, committed 100224K, reserved 557056K
  class space    used 13807K, committed 14336K, reserved 425984K
}
Event: 82.010 GC heap before
{Heap before GC invocations=62 (full 0):
 garbage-first heap   total 457728K, used 336298K [0x0000000080000000, 0x0000000100000000)
  region size 1024K, 159 young (162816K), 5 survivors (5120K)
 Metaspace       used 104989K, committed 106176K, reserved 557056K
  class space    used 14517K, committed 15040K, reserved 425984K
}
Event: 82.118 GC heap after
{Heap after GC invocations=63 (full 0):
 garbage-first heap   total 457728K, used 192827K [0x0000000080000000, 0x0000000100000000)
  region size 1024K, 20 young (20480K), 20 survivors (20480K)
 Metaspace       used 104989K, committed 106176K, reserved 557056K
  class space    used 14517K, committed 15040K, reserved 425984K
}

